TRCRoverNavigation.obj : error LNK2019: 無法解析的外部符號 "void __cdecl cv::error(int,class std::basic_string<char,struct std::char_traits<char>,class std::allocator<char> > const &,char const *,char const *,int)" (?error@cv@@YAXHABV?$basic_string@DU?$char_traits@D@std@@V?$allocator@D@2@@std@@PBD1H@Z) 在函式 "public: unsigned char & __thiscall cv::Mat::at<unsigned char>(int,int)" (??$at@E@Mat@cv@@QAEAAEHH@Z) 中被參考
TRCRoverNavigation.obj : error LNK2019: 無法解析的外部符號 "void __cdecl cv::inRange(class cv::debug_build_guard::_InputArray const &,class cv::debug_build_guard::_InputArray const &,class cv::debug_build_guard::_InputArray const &,class cv::debug_build_guard::_OutputArray const &)" (?inRange@cv@@YAXABV_InputArray@debug_build_guard@1@00ABV_OutputArray@31@@Z) 在函式 "void __cdecl imageProcessing(void)" (?imageProcessing@@YAXXZ) 中被參考
TRCRoverNavigation.obj : error LNK2019: 無法解析的外部符號 "public: __thiscall cv::VideoCapture::VideoCapture(int,int)" (??0VideoCapture@cv@@QAE@HH@Z) 在函式 "void __cdecl `dynamic initializer for 'cap''(void)" (??__Ecap@@YAXXZ) 中被參考
TRCRoverNavigation.obj : error LNK2019: 無法解析的外部符號 "void __cdecl cv::namedWindow(class std::basic_string<char,struct std::char_traits<char>,class std::allocator<char> > const &,int)" (?namedWindow@cv@@YAXABV?$basic_string@DU?$char_traits@D@std@@V?$allocator@D@2@@std@@H@Z) 在函式 "int __cdecl setupCamera(void)" (?setupCamera@@YAHXZ) 中被參考
TRCRoverNavigation.obj : error LNK2019: 無法解析的外部符號 "void __cdecl cv::imshow(class std::basic_string<char,struct std::char_traits<char>,class std::allocator<char> > const &,class cv::debug_build_guard::_InputArray const &)" (?imshow@cv@@YAXABV?$basic_string@DU?$char_traits@D@std@@V?$allocator@D@2@@std@@ABV_InputArray@debug_build_guard@1@@Z) 在函式 "void __cdecl showImage(void)" (?showImage@@YAXXZ) 中被參考
TRCRoverNavigation.obj : error LNK2019: 無法解析的外部符號 "void __cdecl cv::GaussianBlur(class cv::debug_build_guard::_InputArray const &,class cv::debug_build_guard::_OutputArray const &,class cv::Size_<int>,double,double,int)" (?GaussianBlur@cv@@YAXABV_InputArray@debug_build_guard@1@ABV_OutputArray@31@V?$Size_@H@1@NNH@Z) 在函式 _main 中被參考
TRCRoverNavigation.obj : error LNK2019: 無法解析的外部符號 "void __cdecl cv::morphologyEx(class cv::debug_build_guard::_InputArray const &,class cv::debug_build_guard::_OutputArray const &,int,class cv::debug_build_guard::_InputArray const &,class cv::Point_<int>,int,int,class cv::Scalar_<double> const &)" (?morphologyEx@cv@@YAXABV_InputArray@debug_build_guard@1@ABV_OutputArray@31@H0V?$Point_@H@1@HHABV?$Scalar_@N@1@@Z) 在函式 "void __cdecl imageProcessing(void)" (?imageProcessing@@YAXXZ) 中被參考
TRCRoverNavigation.obj : error LNK2019: 無法解析的外部符號 "void __cdecl cv::cvtColor(class cv::debug_build_guard::_InputArray const &,class cv::debug_build_guard::_OutputArray const &,int,int)" (?cvtColor@cv@@YAXABV_InputArray@debug_build_guard@1@ABV_OutputArray@31@HH@Z) 在函式 "void __cdecl imageProcessing(void)" (?imageProcessing@@YAXXZ) 中被參考
C:\Users\jason\source\repos\TRCRoverNavigation\Debug\TRCRoverNavigation.exe : fatal error LNK1120: 8 個無法解析的外部符號
